2014/09/25 08:15:15 [error] [exception.CException] exception 'CException' with message 'Alias "bootstrap.components.Bootstrap" is invalid. Make sure it points to an existing PHP file and the file is readable.' in /Library/WebServer/Documents/yii/framework/YiiBase.php:322
Stack trace:
#0 /Library/WebServer/Documents/yii/framework/YiiBase.php(196): YiiBase::import('bootstrap.compo...', true)
#1 /Library/WebServer/Documents/yii/framework/base/CModule.php(386): YiiBase::createComponent(Array)
#2 /Library/WebServer/Documents/yii/framework/base/CModule.php(103): CModule->getComponent('bootstrap')
#3 /Library/WebServer/Documents/yii/proyectosoftware/themes/bootstrap/views/layouts/main.php(12): CModule->__get('bootstrap')
#4 /Library/WebServer/Documents/yii/framework/web/CBaseController.php(126): require('/Library/WebSer...')
#5 /Library/WebServer/Documents/yii/framework/web/CBaseController.php(95): CBaseController->renderInternal('/Library/WebSer...', Array, true)
#6 /Library/WebServer/Documents/yii/framework/web/widgets/CContentDecorator.php(76): CBaseController->renderFile('/Library/WebSer...', Array, true)
#7 /Library/WebServer/Documents/yii/framework/web/widgets/CContentDecorator.php(54): CContentDecorator->decorate('<div id="conten...')
#8 /Library/WebServer/Documents/yii/framework/web/widgets/COutputProcessor.php(44): CContentDecorator->processOutput('<div id="conten...')
#9 /Library/WebServer/Documents/yii/framework/web/CBaseController.php(206): COutputProcessor->run()
#10 /Library/WebServer/Documents/yii/framework/web/CBaseController.php(300): CBaseController->endWidget('CContentDecorat...')
#11 /Library/WebServer/Documents/yii/proyectosoftware/protected/views/layouts/column1.php(6): CBaseController->endContent()
#12 /Library/WebServer/Documents/yii/framework/web/CBaseController.php(126): require('/Library/WebSer...')
#13 /Library/WebServer/Documents/yii/framework/web/CBaseController.php(95): CBaseController->renderInternal('/Library/WebSer...', Array, true)
#14 /Library/WebServer/Documents/yii/framework/web/CController.php(784): CBaseController->renderFile('/Library/WebSer...', Array, true)
#15 /Library/WebServer/Documents/yii/framework/web/actions/CViewAction.php(140): CController->render('pages/about')
#16 /Library/WebServer/Documents/yii/framework/web/actions/CAction.php(76): CViewAction->run()
#17 /Library/WebServer/Documents/yii/framework/web/CController.php(308): CAction->runWithParams(Array)
#18 /Library/WebServer/Documents/yii/framework/web/CController.php(286): CController->runAction(Object(CViewAction))
#19 /Library/WebServer/Documents/yii/framework/web/CController.php(265): CController->runActionWithFilters(Object(CViewAction), Array)
#20 /Library/WebServer/Documents/yii/framework/web/CWebApplication.php(282): CController->run('page')
#21 /Library/WebServer/Documents/yii/framework/web/CWebApplication.php(141): CWebApplication->runController('site/page')
#22 /Library/WebServer/Documents/yii/framework/base/CApplication.php(180): CWebApplication->processRequest()
#23 /Library/WebServer/Documents/yii/proyectosoftware/index.php(13): CApplication->run()
#24 {main}
REQUEST_URI=/yii/proyectosoftware/site/page.html?view=about
HTTP_REFERER=http://localhost/yii/proyectosoftware/site/index.html
---
2014/09/25 08:15:18 [error] [exception.CException] exception 'CException' with message 'Alias "bootstrap.widgets.TbHeroUnit" is invalid. Make sure it points to an existing PHP file and the file is readable.' in /Library/WebServer/Documents/yii/framework/YiiBase.php:322
Stack trace:
#0 /Library/WebServer/Documents/yii/framework/web/CWidgetFactory.php(146): YiiBase::import('bootstrap.widge...', true)
#1 /Library/WebServer/Documents/yii/framework/web/CBaseController.php(146): CWidgetFactory->createWidget(Object(SiteController), 'bootstrap.widge...', Array)
#2 /Library/WebServer/Documents/yii/framework/web/CBaseController.php(189): CBaseController->createWidget('bootstrap.widge...', Array)
#3 /Library/WebServer/Documents/yii/proyectosoftware/themes/bootstrap/views/site/index.php(9): CBaseController->beginWidget('bootstrap.widge...', Array)
#4 /Library/WebServer/Documents/yii/framework/web/CBaseController.php(126): require('/Library/WebSer...')
#5 /Library/WebServer/Documents/yii/framework/web/CBaseController.php(95): CBaseController->renderInternal('/Library/WebSer...', NULL, true)
#6 /Library/WebServer/Documents/yii/framework/web/CController.php(869): CBaseController->renderFile('/Library/WebSer...', NULL, true)
#7 /Library/WebServer/Documents/yii/framework/web/CController.php(782): CController->renderPartial('index', NULL, true)
#8 /Library/WebServer/Documents/yii/proyectosoftware/protected/controllers/SiteController.php(32): CController->render('index')
#9 /Library/WebServer/Documents/yii/framework/web/actions/CInlineAction.php(49): SiteController->actionIndex()
#10 /Library/WebServer/Documents/yii/framework/web/CController.php(308): CInlineAction->runWithParams(Array)
#11 /Library/WebServer/Documents/yii/framework/web/CController.php(286): CController->runAction(Object(CInlineAction))
#12 /Library/WebServer/Documents/yii/framework/web/CController.php(265): CController->runActionWithFilters(Object(CInlineAction), Array)
#13 /Library/WebServer/Documents/yii/framework/web/CWebApplication.php(282): CController->run('index')
#14 /Library/WebServer/Documents/yii/framework/web/CWebApplication.php(141): CWebApplication->runController('site/index')
#15 /Library/WebServer/Documents/yii/framework/base/CApplication.php(180): CWebApplication->processRequest()
#16 /Library/WebServer/Documents/yii/proyectosoftware/index.php(13): CApplication->run()
#17 {main}
REQUEST_URI=/yii/proyectosoftware/site/index.html
HTTP_REFERER=http://localhost/yii/proyectosoftware/site/login.html
---
2014/09/25 08:21:22 [error] [exception.CException] exception 'CException' with message 'Alias "bootstrap.widgets.TbHeroUnit" is invalid. Make sure it points to an existing PHP file and the file is readable.' in /Library/WebServer/Documents/yii/framework/YiiBase.php:322
Stack trace:
#0 /Library/WebServer/Documents/yii/framework/web/CWidgetFactory.php(146): YiiBase::import('bootstrap.widge...', true)
#1 /Library/WebServer/Documents/yii/framework/web/CBaseController.php(146): CWidgetFactory->createWidget(Object(SiteController), 'bootstrap.widge...', Array)
#2 /Library/WebServer/Documents/yii/framework/web/CBaseController.php(189): CBaseController->createWidget('bootstrap.widge...', Array)
#3 /Library/WebServer/Documents/yii/proyectosoftware/themes/bootstrap/views/site/index.php(9): CBaseController->beginWidget('bootstrap.widge...', Array)
#4 /Library/WebServer/Documents/yii/framework/web/CBaseController.php(126): require('/Library/WebSer...')
#5 /Library/WebServer/Documents/yii/framework/web/CBaseController.php(95): CBaseController->renderInternal('/Library/WebSer...', NULL, true)
#6 /Library/WebServer/Documents/yii/framework/web/CController.php(869): CBaseController->renderFile('/Library/WebSer...', NULL, true)
#7 /Library/WebServer/Documents/yii/framework/web/CController.php(782): CController->renderPartial('index', NULL, true)
#8 /Library/WebServer/Documents/yii/proyectosoftware/protected/controllers/SiteController.php(32): CController->render('index')
#9 /Library/WebServer/Documents/yii/framework/web/actions/CInlineAction.php(49): SiteController->actionIndex()
#10 /Library/WebServer/Documents/yii/framework/web/CController.php(308): CInlineAction->runWithParams(Array)
#11 /Library/WebServer/Documents/yii/framework/web/CController.php(286): CController->runAction(Object(CInlineAction))
#12 /Library/WebServer/Documents/yii/framework/web/CController.php(265): CController->runActionWithFilters(Object(CInlineAction), Array)
#13 /Library/WebServer/Documents/yii/framework/web/CWebApplication.php(282): CController->run('index')
#14 /Library/WebServer/Documents/yii/framework/web/CWebApplication.php(141): CWebApplication->runController('site/index')
#15 /Library/WebServer/Documents/yii/framework/base/CApplication.php(180): CWebApplication->processRequest()
#16 /Library/WebServer/Documents/yii/proyectosoftware/index.php(13): CApplication->run()
#17 {main}
REQUEST_URI=/yii/proyectosoftware/site/index.html
---
2014/09/25 08:21:31 [error] [exception.CException] exception 'CException' with message 'Alias "bootstrap.widgets.TbHeroUnit" is invalid. Make sure it points to an existing directory or file.' in /Library/WebServer/Documents/yii/framework/YiiBase.php:347
Stack trace:
#0 /Library/WebServer/Documents/yii/framework/web/CWidgetFactory.php(146): YiiBase::import('bootstrap.widge...', true)
#1 /Library/WebServer/Documents/yii/framework/web/CBaseController.php(146): CWidgetFactory->createWidget(Object(SiteController), 'bootstrap.widge...', Array)
#2 /Library/WebServer/Documents/yii/framework/web/CBaseController.php(189): CBaseController->createWidget('bootstrap.widge...', Array)
#3 /Library/WebServer/Documents/yii/proyectosoftware/themes/bootstrap/views/site/index.php(9): CBaseController->beginWidget('bootstrap.widge...', Array)
#4 /Library/WebServer/Documents/yii/framework/web/CBaseController.php(126): require('/Library/WebSer...')
#5 /Library/WebServer/Documents/yii/framework/web/CBaseController.php(95): CBaseController->renderInternal('/Library/WebSer...', NULL, true)
#6 /Library/WebServer/Documents/yii/framework/web/CController.php(869): CBaseController->renderFile('/Library/WebSer...', NULL, true)
#7 /Library/WebServer/Documents/yii/framework/web/CController.php(782): CController->renderPartial('index', NULL, true)
#8 /Library/WebServer/Documents/yii/proyectosoftware/protected/controllers/SiteController.php(32): CController->render('index')
#9 /Library/WebServer/Documents/yii/framework/web/actions/CInlineAction.php(49): SiteController->actionIndex()
#10 /Library/WebServer/Documents/yii/framework/web/CController.php(308): CInlineAction->runWithParams(Array)
#11 /Library/WebServer/Documents/yii/framework/web/CController.php(286): CController->runAction(Object(CInlineAction))
#12 /Library/WebServer/Documents/yii/framework/web/CController.php(265): CController->runActionWithFilters(Object(CInlineAction), Array)
#13 /Library/WebServer/Documents/yii/framework/web/CWebApplication.php(282): CController->run('index')
#14 /Library/WebServer/Documents/yii/framework/web/CWebApplication.php(141): CWebApplication->runController('site/index')
#15 /Library/WebServer/Documents/yii/framework/base/CApplication.php(180): CWebApplication->processRequest()
#16 /Library/WebServer/Documents/yii/proyectosoftware/index.php(13): CApplication->run()
#17 {main}
REQUEST_URI=/yii/proyectosoftware/site/index.html
---
2014/09/25 08:23:04 [error] [exception.CException] exception 'CException' with message 'Alias "bootstrap.components.Bootstrap" is invalid. Make sure it points to an existing PHP file and the file is readable.' in /Library/WebServer/Documents/yii/framework/YiiBase.php:322
Stack trace:
#0 /Library/WebServer/Documents/yii/framework/YiiBase.php(196): YiiBase::import('bootstrap.compo...', true)
#1 /Library/WebServer/Documents/yii/framework/base/CModule.php(386): YiiBase::createComponent(Array)
#2 /Library/WebServer/Documents/yii/framework/base/CModule.php(103): CModule->getComponent('bootstrap')
#3 /Library/WebServer/Documents/yii/proyectosoftware/themes/bootstrap/views/layouts/main.php(12): CModule->__get('bootstrap')
#4 /Library/WebServer/Documents/yii/framework/web/CBaseController.php(126): require('/Library/WebSer...')
#5 /Library/WebServer/Documents/yii/framework/web/CBaseController.php(95): CBaseController->renderInternal('/Library/WebSer...', Array, true)
#6 /Library/WebServer/Documents/yii/framework/web/widgets/CContentDecorator.php(76): CBaseController->renderFile('/Library/WebSer...', Array, true)
#7 /Library/WebServer/Documents/yii/framework/web/widgets/CContentDecorator.php(54): CContentDecorator->decorate('<div id="conten...')
#8 /Library/WebServer/Documents/yii/framework/web/widgets/COutputProcessor.php(44): CContentDecorator->processOutput('<div id="conten...')
#9 /Library/WebServer/Documents/yii/framework/web/CBaseController.php(206): COutputProcessor->run()
#10 /Library/WebServer/Documents/yii/framework/web/CBaseController.php(300): CBaseController->endWidget('CContentDecorat...')
#11 /Library/WebServer/Documents/yii/proyectosoftware/protected/views/layouts/column1.php(6): CBaseController->endContent()
#12 /Library/WebServer/Documents/yii/framework/web/CBaseController.php(126): require('/Library/WebSer...')
#13 /Library/WebServer/Documents/yii/framework/web/CBaseController.php(95): CBaseController->renderInternal('/Library/WebSer...', Array, true)
#14 /Library/WebServer/Documents/yii/framework/web/CController.php(784): CBaseController->renderFile('/Library/WebSer...', Array, true)
#15 /Library/WebServer/Documents/yii/framework/web/actions/CViewAction.php(140): CController->render('pages/about')
#16 /Library/WebServer/Documents/yii/framework/web/actions/CAction.php(76): CViewAction->run()
#17 /Library/WebServer/Documents/yii/framework/web/CController.php(308): CAction->runWithParams(Array)
#18 /Library/WebServer/Documents/yii/framework/web/CController.php(286): CController->runAction(Object(CViewAction))
#19 /Library/WebServer/Documents/yii/framework/web/CController.php(265): CController->runActionWithFilters(Object(CViewAction), Array)
#20 /Library/WebServer/Documents/yii/framework/web/CWebApplication.php(282): CController->run('page')
#21 /Library/WebServer/Documents/yii/framework/web/CWebApplication.php(141): CWebApplication->runController('site/page')
#22 /Library/WebServer/Documents/yii/framework/base/CApplication.php(180): CWebApplication->processRequest()
#23 /Library/WebServer/Documents/yii/proyectosoftware/index.php(13): CApplication->run()
#24 {main}
REQUEST_URI=/yii/proyectosoftware/site/page.html?view=about
HTTP_REFERER=http://localhost/yii/proyectosoftware/site/index.html
---
2014/09/25 08:23:31 [error] [exception.CException] exception 'CException' with message 'Property "CWebApplication.bootstrap" is not defined.' in /Library/WebServer/Documents/yii/framework/base/CComponent.php:130
Stack trace:
#0 /Library/WebServer/Documents/yii/framework/base/CModule.php(105): CComponent->__get('bootstrap')
#1 /Library/WebServer/Documents/yii/proyectosoftware/themes/bootstrap/views/layouts/main.php(12): CModule->__get('bootstrap')
#2 /Library/WebServer/Documents/yii/framework/web/CBaseController.php(126): require('/Library/WebSer...')
#3 /Library/WebServer/Documents/yii/framework/web/CBaseController.php(95): CBaseController->renderInternal('/Library/WebSer...', Array, true)
#4 /Library/WebServer/Documents/yii/framework/web/widgets/CContentDecorator.php(76): CBaseController->renderFile('/Library/WebSer...', Array, true)
#5 /Library/WebServer/Documents/yii/framework/web/widgets/CContentDecorator.php(54): CContentDecorator->decorate('<div id="conten...')
#6 /Library/WebServer/Documents/yii/framework/web/widgets/COutputProcessor.php(44): CContentDecorator->processOutput('<div id="conten...')
#7 /Library/WebServer/Documents/yii/framework/web/CBaseController.php(206): COutputProcessor->run()
#8 /Library/WebServer/Documents/yii/framework/web/CBaseController.php(300): CBaseController->endWidget('CContentDecorat...')
#9 /Library/WebServer/Documents/yii/proyectosoftware/protected/views/layouts/column1.php(6): CBaseController->endContent()
#10 /Library/WebServer/Documents/yii/framework/web/CBaseController.php(126): require('/Library/WebSer...')
#11 /Library/WebServer/Documents/yii/framework/web/CBaseController.php(95): CBaseController->renderInternal('/Library/WebSer...', Array, true)
#12 /Library/WebServer/Documents/yii/framework/web/CController.php(784): CBaseController->renderFile('/Library/WebSer...', Array, true)
#13 /Library/WebServer/Documents/yii/framework/web/actions/CViewAction.php(140): CController->render('pages/about')
#14 /Library/WebServer/Documents/yii/framework/web/actions/CAction.php(76): CViewAction->run()
#15 /Library/WebServer/Documents/yii/framework/web/CController.php(308): CAction->runWithParams(Array)
#16 /Library/WebServer/Documents/yii/framework/web/CController.php(286): CController->runAction(Object(CViewAction))
#17 /Library/WebServer/Documents/yii/framework/web/CController.php(265): CController->runActionWithFilters(Object(CViewAction), Array)
#18 /Library/WebServer/Documents/yii/framework/web/CWebApplication.php(282): CController->run('page')
#19 /Library/WebServer/Documents/yii/framework/web/CWebApplication.php(141): CWebApplication->runController('site/page')
#20 /Library/WebServer/Documents/yii/framework/base/CApplication.php(180): CWebApplication->processRequest()
#21 /Library/WebServer/Documents/yii/proyectosoftware/index.php(13): CApplication->run()
#22 {main}
REQUEST_URI=/yii/proyectosoftware/site/page.html?view=about
---
2014/09/25 08:24:04 [error] [exception.CException] exception 'CException' with message 'Alias "bootstrap.widgets.TbHeroUnit" is invalid. Make sure it points to an existing PHP file and the file is readable.' in /Library/WebServer/Documents/yii/framework/YiiBase.php:322
Stack trace:
#0 /Library/WebServer/Documents/yii/framework/web/CWidgetFactory.php(146): YiiBase::import('bootstrap.widge...', true)
#1 /Library/WebServer/Documents/yii/framework/web/CBaseController.php(146): CWidgetFactory->createWidget(Object(SiteController), 'bootstrap.widge...', Array)
#2 /Library/WebServer/Documents/yii/framework/web/CBaseController.php(189): CBaseController->createWidget('bootstrap.widge...', Array)
#3 /Library/WebServer/Documents/yii/proyectosoftware/themes/bootstrap/views/site/index.php(9): CBaseController->beginWidget('bootstrap.widge...', Array)
#4 /Library/WebServer/Documents/yii/framework/web/CBaseController.php(126): require('/Library/WebSer...')
#5 /Library/WebServer/Documents/yii/framework/web/CBaseController.php(95): CBaseController->renderInternal('/Library/WebSer...', NULL, true)
#6 /Library/WebServer/Documents/yii/framework/web/CController.php(869): CBaseController->renderFile('/Library/WebSer...', NULL, true)
#7 /Library/WebServer/Documents/yii/framework/web/CController.php(782): CController->renderPartial('index', NULL, true)
#8 /Library/WebServer/Documents/yii/proyectosoftware/protected/controllers/SiteController.php(32): CController->render('index')
#9 /Library/WebServer/Documents/yii/framework/web/actions/CInlineAction.php(49): SiteController->actionIndex()
#10 /Library/WebServer/Documents/yii/framework/web/CController.php(308): CInlineAction->runWithParams(Array)
#11 /Library/WebServer/Documents/yii/framework/web/CController.php(286): CController->runAction(Object(CInlineAction))
#12 /Library/WebServer/Documents/yii/framework/web/CController.php(265): CController->runActionWithFilters(Object(CInlineAction), Array)
#13 /Library/WebServer/Documents/yii/framework/web/CWebApplication.php(282): CController->run('index')
#14 /Library/WebServer/Documents/yii/framework/web/CWebApplication.php(141): CWebApplication->runController('site/index')
#15 /Library/WebServer/Documents/yii/framework/base/CApplication.php(180): CWebApplication->processRequest()
#16 /Library/WebServer/Documents/yii/proyectosoftware/index.php(13): CApplication->run()
#17 {main}
REQUEST_URI=/yii/proyectosoftware/site/index.html
HTTP_REFERER=http://localhost/yii/proyectosoftware/site/login.html
---
2014/09/25 08:24:05 [error] [exception.CException] exception 'CException' with message 'Alias "bootstrap.widgets.TbHeroUnit" is invalid. Make sure it points to an existing PHP file and the file is readable.' in /Library/WebServer/Documents/yii/framework/YiiBase.php:322
Stack trace:
#0 /Library/WebServer/Documents/yii/framework/web/CWidgetFactory.php(146): YiiBase::import('bootstrap.widge...', true)
#1 /Library/WebServer/Documents/yii/framework/web/CBaseController.php(146): CWidgetFactory->createWidget(Object(SiteController), 'bootstrap.widge...', Array)
#2 /Library/WebServer/Documents/yii/framework/web/CBaseController.php(189): CBaseController->createWidget('bootstrap.widge...', Array)
#3 /Library/WebServer/Documents/yii/proyectosoftware/themes/bootstrap/views/site/index.php(9): CBaseController->beginWidget('bootstrap.widge...', Array)
#4 /Library/WebServer/Documents/yii/framework/web/CBaseController.php(126): require('/Library/WebSer...')
#5 /Library/WebServer/Documents/yii/framework/web/CBaseController.php(95): CBaseController->renderInternal('/Library/WebSer...', NULL, true)
#6 /Library/WebServer/Documents/yii/framework/web/CController.php(869): CBaseController->renderFile('/Library/WebSer...', NULL, true)
#7 /Library/WebServer/Documents/yii/framework/web/CController.php(782): CController->renderPartial('index', NULL, true)
#8 /Library/WebServer/Documents/yii/proyectosoftware/protected/controllers/SiteController.php(32): CController->render('index')
#9 /Library/WebServer/Documents/yii/framework/web/actions/CInlineAction.php(49): SiteController->actionIndex()
#10 /Library/WebServer/Documents/yii/framework/web/CController.php(308): CInlineAction->runWithParams(Array)
#11 /Library/WebServer/Documents/yii/framework/web/CController.php(286): CController->runAction(Object(CInlineAction))
#12 /Library/WebServer/Documents/yii/framework/web/CController.php(265): CController->runActionWithFilters(Object(CInlineAction), Array)
#13 /Library/WebServer/Documents/yii/framework/web/CWebApplication.php(282): CController->run('index')
#14 /Library/WebServer/Documents/yii/framework/web/CWebApplication.php(141): CWebApplication->runController('site/index')
#15 /Library/WebServer/Documents/yii/framework/base/CApplication.php(180): CWebApplication->processRequest()
#16 /Library/WebServer/Documents/yii/proyectosoftware/index.php(13): CApplication->run()
#17 {main}
REQUEST_URI=/yii/proyectosoftware/site/index.html
---
2014/09/25 08:24:58 [error] [exception.CException] exception 'CException' with message 'Alias "bootstrap.widgets.TbHeroUnit" is invalid. Make sure it points to an existing PHP file and the file is readable.' in /Library/WebServer/Documents/yii/framework/YiiBase.php:322
Stack trace:
#0 /Library/WebServer/Documents/yii/framework/web/CWidgetFactory.php(146): YiiBase::import('bootstrap.widge...', true)
#1 /Library/WebServer/Documents/yii/framework/web/CBaseController.php(146): CWidgetFactory->createWidget(Object(SiteController), 'bootstrap.widge...', Array)
#2 /Library/WebServer/Documents/yii/framework/web/CBaseController.php(189): CBaseController->createWidget('bootstrap.widge...', Array)
#3 /Library/WebServer/Documents/yii/proyectosoftware/themes/bootstrap/views/site/index.php(9): CBaseController->beginWidget('bootstrap.widge...', Array)
#4 /Library/WebServer/Documents/yii/framework/web/CBaseController.php(126): require('/Library/WebSer...')
#5 /Library/WebServer/Documents/yii/framework/web/CBaseController.php(95): CBaseController->renderInternal('/Library/WebSer...', NULL, true)
#6 /Library/WebServer/Documents/yii/framework/web/CController.php(869): CBaseController->renderFile('/Library/WebSer...', NULL, true)
#7 /Library/WebServer/Documents/yii/framework/web/CController.php(782): CController->renderPartial('index', NULL, true)
#8 /Library/WebServer/Documents/yii/proyectosoftware/protected/controllers/SiteController.php(32): CController->render('index')
#9 /Library/WebServer/Documents/yii/framework/web/actions/CInlineAction.php(49): SiteController->actionIndex()
#10 /Library/WebServer/Documents/yii/framework/web/CController.php(308): CInlineAction->runWithParams(Array)
#11 /Library/WebServer/Documents/yii/framework/web/CController.php(286): CController->runAction(Object(CInlineAction))
#12 /Library/WebServer/Documents/yii/framework/web/CController.php(265): CController->runActionWithFilters(Object(CInlineAction), Array)
#13 /Library/WebServer/Documents/yii/framework/web/CWebApplication.php(282): CController->run('index')
#14 /Library/WebServer/Documents/yii/framework/web/CWebApplication.php(141): CWebApplication->runController('site/index')
#15 /Library/WebServer/Documents/yii/framework/base/CApplication.php(180): CWebApplication->processRequest()
#16 /Library/WebServer/Documents/yii/proyectosoftware/index.php(13): CApplication->run()
#17 {main}
REQUEST_URI=/yii/proyectosoftware/site/index.html
---
2014/09/25 08:25:04 [error] [exception.CException] exception 'CException' with message 'Alias "bootstrap.widgets.TbHeroUnit" is invalid. Make sure it points to an existing PHP file and the file is readable.' in /Library/WebServer/Documents/yii/framework/YiiBase.php:322
Stack trace:
#0 /Library/WebServer/Documents/yii/framework/web/CWidgetFactory.php(146): YiiBase::import('bootstrap.widge...', true)
#1 /Library/WebServer/Documents/yii/framework/web/CBaseController.php(146): CWidgetFactory->createWidget(Object(SiteController), 'bootstrap.widge...', Array)
#2 /Library/WebServer/Documents/yii/framework/web/CBaseController.php(189): CBaseController->createWidget('bootstrap.widge...', Array)
#3 /Library/WebServer/Documents/yii/proyectosoftware/themes/bootstrap/views/site/index.php(9): CBaseController->beginWidget('bootstrap.widge...', Array)
#4 /Library/WebServer/Documents/yii/framework/web/CBaseController.php(126): require('/Library/WebSer...')
#5 /Library/WebServer/Documents/yii/framework/web/CBaseController.php(95): CBaseController->renderInternal('/Library/WebSer...', NULL, true)
#6 /Library/WebServer/Documents/yii/framework/web/CController.php(869): CBaseController->renderFile('/Library/WebSer...', NULL, true)
#7 /Library/WebServer/Documents/yii/framework/web/CController.php(782): CController->renderPartial('index', NULL, true)
#8 /Library/WebServer/Documents/yii/proyectosoftware/protected/controllers/SiteController.php(32): CController->render('index')
#9 /Library/WebServer/Documents/yii/framework/web/actions/CInlineAction.php(49): SiteController->actionIndex()
#10 /Library/WebServer/Documents/yii/framework/web/CController.php(308): CInlineAction->runWithParams(Array)
#11 /Library/WebServer/Documents/yii/framework/web/CController.php(286): CController->runAction(Object(CInlineAction))
#12 /Library/WebServer/Documents/yii/framework/web/CController.php(265): CController->runActionWithFilters(Object(CInlineAction), Array)
#13 /Library/WebServer/Documents/yii/framework/web/CWebApplication.php(282): CController->run('')
#14 /Library/WebServer/Documents/yii/framework/web/CWebApplication.php(141): CWebApplication->runController('')
#15 /Library/WebServer/Documents/yii/framework/base/CApplication.php(180): CWebApplication->processRequest()
#16 /Library/WebServer/Documents/yii/proyectosoftware/index.php(13): CApplication->run()
#17 {main}
REQUEST_URI=/yii/proyectosoftware/
---
2014/09/25 08:25:10 [error] [exception.CException] exception 'CException' with message 'Alias "bootstrap.widgets.TbHeroUnit" is invalid. Make sure it points to an existing PHP file and the file is readable.' in /Library/WebServer/Documents/yii/framework/YiiBase.php:322
Stack trace:
#0 /Library/WebServer/Documents/yii/framework/web/CWidgetFactory.php(146): YiiBase::import('bootstrap.widge...', true)
#1 /Library/WebServer/Documents/yii/framework/web/CBaseController.php(146): CWidgetFactory->createWidget(Object(SiteController), 'bootstrap.widge...', Array)
#2 /Library/WebServer/Documents/yii/framework/web/CBaseController.php(189): CBaseController->createWidget('bootstrap.widge...', Array)
#3 /Library/WebServer/Documents/yii/proyectosoftware/themes/bootstrap/views/site/index.php(9): CBaseController->beginWidget('bootstrap.widge...', Array)
#4 /Library/WebServer/Documents/yii/framework/web/CBaseController.php(126): require('/Library/WebSer...')
#5 /Library/WebServer/Documents/yii/framework/web/CBaseController.php(95): CBaseController->renderInternal('/Library/WebSer...', NULL, true)
#6 /Library/WebServer/Documents/yii/framework/web/CController.php(869): CBaseController->renderFile('/Library/WebSer...', NULL, true)
#7 /Library/WebServer/Documents/yii/framework/web/CController.php(782): CController->renderPartial('index', NULL, true)
#8 /Library/WebServer/Documents/yii/proyectosoftware/protected/controllers/SiteController.php(32): CController->render('index')
#9 /Library/WebServer/Documents/yii/framework/web/actions/CInlineAction.php(49): SiteController->actionIndex()
#10 /Library/WebServer/Documents/yii/framework/web/CController.php(308): CInlineAction->runWithParams(Array)
#11 /Library/WebServer/Documents/yii/framework/web/CController.php(286): CController->runAction(Object(CInlineAction))
#12 /Library/WebServer/Documents/yii/framework/web/CController.php(265): CController->runActionWithFilters(Object(CInlineAction), Array)
#13 /Library/WebServer/Documents/yii/framework/web/CWebApplication.php(282): CController->run('')
#14 /Library/WebServer/Documents/yii/framework/web/CWebApplication.php(141): CWebApplication->runController('')
#15 /Library/WebServer/Documents/yii/framework/base/CApplication.php(180): CWebApplication->processRequest()
#16 /Library/WebServer/Documents/yii/proyectosoftware/index.php(13): CApplication->run()
#17 {main}
REQUEST_URI=/yii/proyectosoftware/
---
2014/09/25 08:27:33 [error] [exception.CException] exception 'CException' with message 'Alias "bootstrap.components.Bootstrap" is invalid. Make sure it points to an existing PHP file and the file is readable.' in /Library/WebServer/Documents/yii/framework/YiiBase.php:322
Stack trace:
#0 /Library/WebServer/Documents/yii/framework/YiiBase.php(196): YiiBase::import('bootstrap.compo...', true)
#1 /Library/WebServer/Documents/yii/framework/base/CModule.php(386): YiiBase::createComponent(Array)
#2 /Library/WebServer/Documents/yii/framework/base/CModule.php(103): CModule->getComponent('bootstrap')
#3 /Library/WebServer/Documents/yii/proyectosoftware/themes/bootstrap/views/layouts/main.php(12): CModule->__get('bootstrap')
#4 /Library/WebServer/Documents/yii/framework/web/CBaseController.php(126): require('/Library/WebSer...')
#5 /Library/WebServer/Documents/yii/framework/web/CBaseController.php(95): CBaseController->renderInternal('/Library/WebSer...', Array, true)
#6 /Library/WebServer/Documents/yii/framework/web/widgets/CContentDecorator.php(76): CBaseController->renderFile('/Library/WebSer...', Array, true)
#7 /Library/WebServer/Documents/yii/framework/web/widgets/CContentDecorator.php(54): CContentDecorator->decorate('<div id="conten...')
#8 /Library/WebServer/Documents/yii/framework/web/widgets/COutputProcessor.php(44): CContentDecorator->processOutput('<div id="conten...')
#9 /Library/WebServer/Documents/yii/framework/web/CBaseController.php(206): COutputProcessor->run()
#10 /Library/WebServer/Documents/yii/framework/web/CBaseController.php(300): CBaseController->endWidget('CContentDecorat...')
#11 /Library/WebServer/Documents/yii/proyectosoftware/protected/views/layouts/column1.php(6): CBaseController->endContent()
#12 /Library/WebServer/Documents/yii/framework/web/CBaseController.php(126): require('/Library/WebSer...')
#13 /Library/WebServer/Documents/yii/framework/web/CBaseController.php(95): CBaseController->renderInternal('/Library/WebSer...', Array, true)
#14 /Library/WebServer/Documents/yii/framework/web/CController.php(784): CBaseController->renderFile('/Library/WebSer...', Array, true)
#15 /Library/WebServer/Documents/yii/framework/web/actions/CViewAction.php(140): CController->render('pages/about')
#16 /Library/WebServer/Documents/yii/framework/web/actions/CAction.php(76): CViewAction->run()
#17 /Library/WebServer/Documents/yii/framework/web/CController.php(308): CAction->runWithParams(Array)
#18 /Library/WebServer/Documents/yii/framework/web/CController.php(286): CController->runAction(Object(CViewAction))
#19 /Library/WebServer/Documents/yii/framework/web/CController.php(265): CController->runActionWithFilters(Object(CViewAction), Array)
#20 /Library/WebServer/Documents/yii/framework/web/CWebApplication.php(282): CController->run('page')
#21 /Library/WebServer/Documents/yii/framework/web/CWebApplication.php(141): CWebApplication->runController('site/page')
#22 /Library/WebServer/Documents/yii/framework/base/CApplication.php(180): CWebApplication->processRequest()
#23 /Library/WebServer/Documents/yii/proyectosoftware/index.php(13): CApplication->run()
#24 {main}
REQUEST_URI=/yii/proyectosoftware/site/page.html?view=about
HTTP_REFERER=http://localhost/yii/proyectosoftware/site/index.html
---
2014/09/25 08:27:35 [error] [exception.CException] exception 'CException' with message 'Alias "bootstrap.widgets.TbHeroUnit" is invalid. Make sure it points to an existing PHP file and the file is readable.' in /Library/WebServer/Documents/yii/framework/YiiBase.php:322
Stack trace:
#0 /Library/WebServer/Documents/yii/framework/web/CWidgetFactory.php(146): YiiBase::import('bootstrap.widge...', true)
#1 /Library/WebServer/Documents/yii/framework/web/CBaseController.php(146): CWidgetFactory->createWidget(Object(SiteController), 'bootstrap.widge...', Array)
#2 /Library/WebServer/Documents/yii/framework/web/CBaseController.php(189): CBaseController->createWidget('bootstrap.widge...', Array)
#3 /Library/WebServer/Documents/yii/proyectosoftware/themes/bootstrap/views/site/index.php(9): CBaseController->beginWidget('bootstrap.widge...', Array)
#4 /Library/WebServer/Documents/yii/framework/web/CBaseController.php(126): require('/Library/WebSer...')
#5 /Library/WebServer/Documents/yii/framework/web/CBaseController.php(95): CBaseController->renderInternal('/Library/WebSer...', NULL, true)
#6 /Library/WebServer/Documents/yii/framework/web/CController.php(869): CBaseController->renderFile('/Library/WebSer...', NULL, true)
#7 /Library/WebServer/Documents/yii/framework/web/CController.php(782): CController->renderPartial('index', NULL, true)
#8 /Library/WebServer/Documents/yii/proyectosoftware/protected/controllers/SiteController.php(32): CController->render('index')
#9 /Library/WebServer/Documents/yii/framework/web/actions/CInlineAction.php(49): SiteController->actionIndex()
#10 /Library/WebServer/Documents/yii/framework/web/CController.php(308): CInlineAction->runWithParams(Array)
#11 /Library/WebServer/Documents/yii/framework/web/CController.php(286): CController->runAction(Object(CInlineAction))
#12 /Library/WebServer/Documents/yii/framework/web/CController.php(265): CController->runActionWithFilters(Object(CInlineAction), Array)
#13 /Library/WebServer/Documents/yii/framework/web/CWebApplication.php(282): CController->run('index')
#14 /Library/WebServer/Documents/yii/framework/web/CWebApplication.php(141): CWebApplication->runController('site/index')
#15 /Library/WebServer/Documents/yii/framework/base/CApplication.php(180): CWebApplication->processRequest()
#16 /Library/WebServer/Documents/yii/proyectosoftware/index.php(13): CApplication->run()
#17 {main}
REQUEST_URI=/yii/proyectosoftware/site/index.html
HTTP_REFERER=http://localhost/yii/proyectosoftware/site/login.html
---
2014/09/25 08:27:50 [error] [exception.CException] exception 'CException' with message 'Alias "bootstrap.widgets.TbHeroUnit" is invalid. Make sure it points to an existing PHP file and the file is readable.' in /Library/WebServer/Documents/yii/framework/YiiBase.php:322
Stack trace:
#0 /Library/WebServer/Documents/yii/framework/web/CWidgetFactory.php(146): YiiBase::import('bootstrap.widge...', true)
#1 /Library/WebServer/Documents/yii/framework/web/CBaseController.php(146): CWidgetFactory->createWidget(Object(SiteController), 'bootstrap.widge...', Array)
#2 /Library/WebServer/Documents/yii/framework/web/CBaseController.php(189): CBaseController->createWidget('bootstrap.widge...', Array)
#3 /Library/WebServer/Documents/yii/proyectosoftware/themes/bootstrap/views/site/index.php(9): CBaseController->beginWidget('bootstrap.widge...', Array)
#4 /Library/WebServer/Documents/yii/framework/web/CBaseController.php(126): require('/Library/WebSer...')
#5 /Library/WebServer/Documents/yii/framework/web/CBaseController.php(95): CBaseController->renderInternal('/Library/WebSer...', NULL, true)
#6 /Library/WebServer/Documents/yii/framework/web/CController.php(869): CBaseController->renderFile('/Library/WebSer...', NULL, true)
#7 /Library/WebServer/Documents/yii/framework/web/CController.php(782): CController->renderPartial('index', NULL, true)
#8 /Library/WebServer/Documents/yii/proyectosoftware/protected/controllers/SiteController.php(32): CController->render('index')
#9 /Library/WebServer/Documents/yii/framework/web/actions/CInlineAction.php(49): SiteController->actionIndex()
#10 /Library/WebServer/Documents/yii/framework/web/CController.php(308): CInlineAction->runWithParams(Array)
#11 /Library/WebServer/Documents/yii/framework/web/CController.php(286): CController->runAction(Object(CInlineAction))
#12 /Library/WebServer/Documents/yii/framework/web/CController.php(265): CController->runActionWithFilters(Object(CInlineAction), Array)
#13 /Library/WebServer/Documents/yii/framework/web/CWebApplication.php(282): CController->run('')
#14 /Library/WebServer/Documents/yii/framework/web/CWebApplication.php(141): CWebApplication->runController('')
#15 /Library/WebServer/Documents/yii/framework/base/CApplication.php(180): CWebApplication->processRequest()
#16 /Library/WebServer/Documents/yii/proyectosoftware/index.php(13): CApplication->run()
#17 {main}
REQUEST_URI=/yii/proyectosoftware/?r=gii
---
2014/09/25 08:28:28 [error] [exception.CException] exception 'CException' with message 'Alias "bootstrap.widgets.TbHeroUnit" is invalid. Make sure it points to an existing PHP file and the file is readable.' in /Library/WebServer/Documents/yii/framework/YiiBase.php:322
Stack trace:
#0 /Library/WebServer/Documents/yii/framework/web/CWidgetFactory.php(146): YiiBase::import('bootstrap.widge...', true)
#1 /Library/WebServer/Documents/yii/framework/web/CBaseController.php(146): CWidgetFactory->createWidget(Object(SiteController), 'bootstrap.widge...', Array)
#2 /Library/WebServer/Documents/yii/framework/web/CBaseController.php(189): CBaseController->createWidget('bootstrap.widge...', Array)
#3 /Library/WebServer/Documents/yii/proyectosoftware/themes/bootstrap/views/site/index.php(9): CBaseController->beginWidget('bootstrap.widge...', Array)
#4 /Library/WebServer/Documents/yii/framework/web/CBaseController.php(126): require('/Library/WebSer...')
#5 /Library/WebServer/Documents/yii/framework/web/CBaseController.php(95): CBaseController->renderInternal('/Library/WebSer...', NULL, true)
#6 /Library/WebServer/Documents/yii/framework/web/CController.php(869): CBaseController->renderFile('/Library/WebSer...', NULL, true)
#7 /Library/WebServer/Documents/yii/framework/web/CController.php(782): CController->renderPartial('index', NULL, true)
#8 /Library/WebServer/Documents/yii/proyectosoftware/protected/controllers/SiteController.php(32): CController->render('index')
#9 /Library/WebServer/Documents/yii/framework/web/actions/CInlineAction.php(49): SiteController->actionIndex()
#10 /Library/WebServer/Documents/yii/framework/web/CController.php(308): CInlineAction->runWithParams(Array)
#11 /Library/WebServer/Documents/yii/framework/web/CController.php(286): CController->runAction(Object(CInlineAction))
#12 /Library/WebServer/Documents/yii/framework/web/CController.php(265): CController->runActionWithFilters(Object(CInlineAction), Array)
#13 /Library/WebServer/Documents/yii/framework/web/CWebApplication.php(282): CController->run('')
#14 /Library/WebServer/Documents/yii/framework/web/CWebApplication.php(141): CWebApplication->runController('')
#15 /Library/WebServer/Documents/yii/framework/base/CApplication.php(180): CWebApplication->processRequest()
#16 /Library/WebServer/Documents/yii/proyectosoftware/index.php(13): CApplication->run()
#17 {main}
REQUEST_URI=/yii/proyectosoftware/
---
